c:\users\asus\source\repos\task_manager\task_manager\x64\debug\repo.obj
c:\users\asus\source\repos\task_manager\task_manager\x64\debug\main.obj
c:\users\asus\source\repos\task_manager\task_manager\x64\debug\moc_task_manager.obj
c:\users\asus\source\repos\task_manager\task_manager\x64\debug\task.obj
c:\users\asus\source\repos\task_manager\task_manager\x64\debug\controller.obj
c:\users\asus\source\repos\task_manager\task_manager\x64\debug\qrc_task_manager.obj
c:\users\asus\source\repos\task_manager\task_manager\.\generatedfiles\debug\moc_task_manager.cpp
c:\users\asus\source\repos\task_manager\task_manager\.\generatedfiles\qrc_task_manager.cpp
c:\users\asus\source\repos\task_manager\task_manager\generatedfiles\ui_task_manager.h
c:\users\asus\source\repos\task_manager\task_manager\generatedfiles\qrc_task_manager.cpp
c:\users\asus\source\repos\task_manager\task_manager\generatedfiles\debug\moc_task_manager.cpp
c:\users\asus\source\repos\task_manager\task_manager\.\generatedfiles\ui_task_manager.h
c:\users\asus\source\repos\task_manager\task_manager\x64\debug\vc141.pdb
c:\users\asus\source\repos\task_manager\task_manager\x64\debug\task_manager.tlog\cl.11892.write.1.tlog
c:\users\asus\source\repos\task_manager\task_manager\x64\debug\task_manager.tlog\cl.command.1.tlog
c:\users\asus\source\repos\task_manager\task_manager\x64\debug\task_manager.tlog\cl.read.1.tlog
c:\users\asus\source\repos\task_manager\task_manager\x64\debug\task_manager.tlog\moc.read.1u.tlog
c:\users\asus\source\repos\task_manager\task_manager\x64\debug\task_manager.tlog\moc.write.1u.tlog
c:\users\asus\source\repos\task_manager\task_manager\x64\debug\task_manager.tlog\rcc.read.1u.tlog
c:\users\asus\source\repos\task_manager\task_manager\x64\debug\task_manager.tlog\rcc.write.1u.tlog
c:\users\asus\source\repos\task_manager\task_manager\x64\debug\task_manager.tlog\task_manager.write.1u.tlog
c:\users\asus\source\repos\task_manager\task_manager\x64\debug\task_manager.tlog\uic.read.1u.tlog
c:\users\asus\source\repos\task_manager\task_manager\x64\debug\task_manager.tlog\uic.write.1u.tlog
