c:\users\asus\source\repos\qtguiapplicationlab11oop\qtguiapplicationlab11oop\x64\debug\moc_userdressshop.obj
c:\users\asus\source\repos\qtguiapplicationlab11oop\qtguiapplicationlab11oop\x64\debug\userdressshop.obj
c:\users\asus\source\repos\qtguiapplicationlab11oop\qtguiapplicationlab11oop\x64\debug\moc_shoppingbasketwindow.obj
c:\users\asus\source\repos\qtguiapplicationlab11oop\qtguiapplicationlab11oop\x64\debug\qtguiapplicationlab11oop.obj
c:\users\asus\source\repos\qtguiapplicationlab11oop\qtguiapplicationlab11oop\x64\debug\shoppingbasketwindow.obj
c:\users\asus\source\repos\qtguiapplicationlab11oop\qtguiapplicationlab11oop\x64\debug\main.obj
c:\users\asus\source\repos\qtguiapplicationlab11oop\qtguiapplicationlab11oop\x64\debug\moc_qtguiapplicationlab11oop.obj
c:\users\asus\source\repos\qtguiapplicationlab11oop\qtguiapplicationlab11oop\x64\debug\dressshop.obj
c:\users\asus\source\repos\qtguiapplicationlab11oop\qtguiapplicationlab11oop\x64\debug\repoforbasket.obj
c:\users\asus\source\repos\qtguiapplicationlab11oop\qtguiapplicationlab11oop\x64\debug\validator.obj
c:\users\asus\source\repos\qtguiapplicationlab11oop\qtguiapplicationlab11oop\x64\debug\baskettablemodel.obj
c:\users\asus\source\repos\qtguiapplicationlab11oop\qtguiapplicationlab11oop\x64\debug\weddingdress.obj
c:\users\asus\source\repos\qtguiapplicationlab11oop\qtguiapplicationlab11oop\x64\debug\repository.obj
c:\users\asus\source\repos\qtguiapplicationlab11oop\qtguiapplicationlab11oop\x64\debug\controller.obj
c:\users\asus\source\repos\qtguiapplicationlab11oop\qtguiapplicationlab11oop\x64\debug\undoaction.obj
c:\users\asus\source\repos\qtguiapplicationlab11oop\qtguiapplicationlab11oop\x64\debug\qrc_qtguiapplicationlab11oop.obj
c:\users\asus\source\repos\qtguiapplicationlab11oop\qtguiapplicationlab11oop\x64\debug\vc141.pdb
c:\users\asus\source\repos\qtguiapplicationlab11oop\x64\debug\qtguiapplicationlab11oop.ilk
c:\users\asus\source\repos\qtguiapplicationlab11oop\x64\debug\qtguiapplicationlab11oop.exe
c:\users\asus\source\repos\qtguiapplicationlab11oop\x64\debug\qtguiapplicationlab11oop.pdb
c:\users\asus\source\repos\qtguiapplicationlab11oop\qtguiapplicationlab11oop\.\generatedfiles\debug\moc_qtguiapplicationlab11oop.cpp
c:\users\asus\source\repos\qtguiapplicationlab11oop\qtguiapplicationlab11oop\.\generatedfiles\debug\moc_userdressshop.cpp
c:\users\asus\source\repos\qtguiapplicationlab11oop\qtguiapplicationlab11oop\.\generatedfiles\debug\moc_shoppingbasketwindow.cpp
c:\users\asus\source\repos\qtguiapplicationlab11oop\qtguiapplicationlab11oop\generatedfiles\ui_qtguiapplicationlab11oop.h
c:\users\asus\source\repos\qtguiapplicationlab11oop\qtguiapplicationlab11oop\generatedfiles\ui_shoppingbasketwindow.h
c:\users\asus\source\repos\qtguiapplicationlab11oop\qtguiapplicationlab11oop\generatedfiles\ui_userdressshop.h
c:\users\asus\source\repos\qtguiapplicationlab11oop\qtguiapplicationlab11oop\generatedfiles\qrc_qtguiapplicationlab11oop.cpp
c:\users\asus\source\repos\qtguiapplicationlab11oop\qtguiapplicationlab11oop\generatedfiles\debug\moc_qtguiapplicationlab11oop.cpp
c:\users\asus\source\repos\qtguiapplicationlab11oop\qtguiapplicationlab11oop\generatedfiles\debug\moc_userdressshop.cpp
c:\users\asus\source\repos\qtguiapplicationlab11oop\qtguiapplicationlab11oop\generatedfiles\debug\moc_shoppingbasketwindow.cpp
c:\users\asus\source\repos\qtguiapplicationlab11oop\qtguiapplicationlab11oop\.\generatedfiles\qrc_qtguiapplicationlab11oop.cpp
c:\users\asus\source\repos\qtguiapplicationlab11oop\qtguiapplicationlab11oop\.\generatedfiles\ui_qtguiapplicationlab11oop.h
c:\users\asus\source\repos\qtguiapplicationlab11oop\qtguiapplicationlab11oop\.\generatedfiles\ui_shoppingbasketwindow.h
c:\users\asus\source\repos\qtguiapplicationlab11oop\qtguiapplicationlab11oop\.\generatedfiles\ui_userdressshop.h
c:\users\asus\source\repos\qtguiapplicationlab11oop\qtguiapplicationlab11oop\x64\debug\qtguiapp.b12702ad.tlog\cl.10132.write.1.tlog
c:\users\asus\source\repos\qtguiapplicationlab11oop\qtguiapplicationlab11oop\x64\debug\qtguiapp.b12702ad.tlog\cl.command.1.tlog
c:\users\asus\source\repos\qtguiapplicationlab11oop\qtguiapplicationlab11oop\x64\debug\qtguiapp.b12702ad.tlog\cl.read.1.tlog
c:\users\asus\source\repos\qtguiapplicationlab11oop\qtguiapplicationlab11oop\x64\debug\qtguiapp.b12702ad.tlog\link.command.1.tlog
c:\users\asus\source\repos\qtguiapplicationlab11oop\qtguiapplicationlab11oop\x64\debug\qtguiapp.b12702ad.tlog\link.read.1.tlog
c:\users\asus\source\repos\qtguiapplicationlab11oop\qtguiapplicationlab11oop\x64\debug\qtguiapp.b12702ad.tlog\link.write.1.tlog
c:\users\asus\source\repos\qtguiapplicationlab11oop\qtguiapplicationlab11oop\x64\debug\qtguiapp.b12702ad.tlog\moc.read.1u.tlog
c:\users\asus\source\repos\qtguiapplicationlab11oop\qtguiapplicationlab11oop\x64\debug\qtguiapp.b12702ad.tlog\moc.write.1u.tlog
c:\users\asus\source\repos\qtguiapplicationlab11oop\qtguiapplicationlab11oop\x64\debug\qtguiapp.b12702ad.tlog\qtguiapplicationlab11oop.write.1u.tlog
c:\users\asus\source\repos\qtguiapplicationlab11oop\qtguiapplicationlab11oop\x64\debug\qtguiapp.b12702ad.tlog\rcc.read.1u.tlog
c:\users\asus\source\repos\qtguiapplicationlab11oop\qtguiapplicationlab11oop\x64\debug\qtguiapp.b12702ad.tlog\rcc.write.1u.tlog
c:\users\asus\source\repos\qtguiapplicationlab11oop\qtguiapplicationlab11oop\x64\debug\qtguiapp.b12702ad.tlog\uic.read.1u.tlog
c:\users\asus\source\repos\qtguiapplicationlab11oop\qtguiapplicationlab11oop\x64\debug\qtguiapp.b12702ad.tlog\uic.write.1u.tlog
