  Controller.c
c:\users\asus\source\repos\tema lab3-4 oop\tema lab3-4 oop\controller.c(209): warning C4098: 'destroyController': 'void' function returning a value
  Domain.c
  Operations.c
c:\users\asus\source\repos\tema lab3-4 oop\tema lab3-4 oop\operations.c(10): warning C4013: 'strlen' undefined; assuming extern returning int
c:\users\asus\source\repos\tema lab3-4 oop\tema lab3-4 oop\operations.c(11): warning C4013: 'strcpy' undefined; assuming extern returning int
c:\users\asus\source\repos\tema lab3-4 oop\tema lab3-4 oop\operations.c(34): warning C4098: 'destroyOper': 'void' function returning a value
c:\users\asus\source\repos\tema lab3-4 oop\tema lab3-4 oop\operations.c(73): warning C4098: 'destroyStack': 'void' function returning a value
  UI.c
c:\users\asus\source\repos\tema lab3-4 oop\tema lab3-4 oop\ui.c(18): warning C4098: 'destroyUI': 'void' function returning a value
c:\users\asus\source\repos\tema lab3-4 oop\tema lab3-4 oop\ui.c(220): warning C4013: 'redoCon' undefined; assuming extern returning int
  dynamicArray.c
c:\users\asus\source\repos\tema lab3-4 oop\tema lab3-4 oop\dynamicarray.c(21): warning C4098: 'destroy': 'void' function returning a value
c:\users\asus\source\repos\tema lab3-4 oop\tema lab3-4 oop\dynamicarray.c(30): warning C4098: 'resize': 'void' function returning a value
c:\users\asus\source\repos\tema lab3-4 oop\tema lab3-4 oop\dynamicarray.c(34): warning C4098: 'resize': 'void' function returning a value
c:\users\asus\source\repos\tema lab3-4 oop\tema lab3-4 oop\dynamicarray.c(41): warning C4098: 'add': 'void' function returning a value
c:\users\asus\source\repos\tema lab3-4 oop\tema lab3-4 oop\dynamicarray.c(85): warning C4098: 'getAarray': 'void' function returning a value
  main.c
c:\users\asus\source\repos\tema lab3-4 oop\tema lab3-4 oop\main.c(19): warning C4305: 'function': truncation from 'double' to 'float'
  Generating Code...
  tema lab3-4 oop.vcxproj -> C:\Users\Asus\source\repos\tema lab3-4 oop\Debug\tema lab3-4 oop.exe
